<?xml version="1.0" encoding="UTF-8"?>
<!-- Generated by org.testng.reporters.JUnitReportReporter -->
<testsuite skipped="0" hostname="AlienWareZ" name="com.project.SeleniumProject" tests="6" failures="0" timestamp="2020-07-17T16:06:18 IST" time="36.452" errors="0">
  <testcase name="gotoWebsite" time="7.946" classname="com.project.SeleniumProject"/>
  <system-out/>
  <testcase name="register" time="8.839" classname="com.project.SeleniumProject"/>
  <system-out/>
  <testcase name="failedLogin" time="7.231" classname="com.project.SeleniumProject"/>
  <system-out/>
  <testcase name="login" time="3.535" classname="com.project.SeleniumProject"/>
  <system-out/>
  <testcase name="searchFail" time="1.555" classname="com.project.SeleniumProject"/>
  <system-out/>
  <testcase name="searchAndAddToCart" time="7.346" classname="com.project.SeleniumProject"/>
  <system-out/>
</testsuite> <!-- com.project.SeleniumProject -->
