<?xml version="1.0" encoding="UTF-8"?>
<!-- Generated by org.testng.reporters.JUnitReportReporter -->
<testsuite skipped="1" hostname="AlienWareZ" name="com.project.SeleniumProject" tests="3" failures="0" timestamp="2020-07-17T02:21:49 IST" time="11.676" errors="0">
  <testcase name="register" time="11.670" classname="com.project.SeleniumProject"/>
  <system-out/>
  <testcase name="login" time="0.006" classname="com.project.SeleniumProject"/>
  <system-out/>
  <testcase name="gotoWebsite" classname="com.project.SeleniumProject">
    <skipped/>
  </testcase> <!-- gotoWebsite -->
  <system-out/>
</testsuite> <!-- com.project.SeleniumProject -->
